TN:
SF:src/app.service.ts
FN:5,(anonymous_1)
FNF:1
FNH:0
FNDA:0,(anonymous_1)
DA:1,0
DA:4,0
DA:6,0
LF:3
LH:0
BRF:0
BRH:0
end_of_record
TN:
SF:src/common/guards/auth-expired-token.guard.ts
FN:14,(anonymous_2)
FN:15,(anonymous_3)
FNF:2
FNH:0
FNDA:0,(anonymous_2)
FNDA:0,(anonymous_3)
DA:1,0
DA:8,0
DA:10,0
DA:13,0
DA:14,0
DA:16,0
DA:19,0
DA:24,0
DA:25,0
DA:26,0
DA:30,0
DA:32,0
LF:12
LH:0
BRDA:24,0,0,0
BRDA:24,0,1,0
BRDA:24,1,0,0
BRDA:24,1,1,0
BRDA:26,2,0,0
BRDA:27,3,0,0
BRDA:27,3,1,0
BRF:7
BRH:0
end_of_record
TN:
SF:src/common/guards/auth-general.guard.ts
FN:14,(anonymous_2)
FN:15,(anonymous_3)
FNF:2
FNH:0
FNDA:0,(anonymous_2)
FNDA:0,(anonymous_3)
DA:1,0
DA:8,0
DA:10,0
DA:13,0
DA:14,0
DA:16,0
DA:18,0
DA:23,0
DA:24,0
DA:28,0
DA:33,0
DA:37,0
DA:38,0
DA:42,0
DA:45,0
DA:49,0
DA:52,0
LF:17
LH:0
BRDA:23,0,0,0
BRDA:33,1,0,0
BRDA:33,1,1,0
BRDA:34,2,0,0
BRDA:34,2,1,0
BRDA:38,3,0,0
BRDA:39,4,0,0
BRDA:39,4,1,0
BRDA:45,5,0,0
BRF:9
BRH:0
end_of_record
TN:
SF:src/common/guards/auth-report.guard.ts
FN:15,(anonymous_2)
FN:16,(anonymous_3)
FNF:2
FNH:0
FNDA:0,(anonymous_2)
FNDA:0,(anonymous_3)
DA:1,0
DA:7,0
DA:10,0
DA:11,0
DA:14,0
DA:15,0
DA:19,0
DA:20,0
DA:24,0
DA:25,0
DA:28,0
DA:29,0
DA:30,0
DA:32,0
LF:14
LH:0
BRDA:24,0,0,0
BRDA:29,1,0,0
BRDA:29,2,0,0
BRDA:29,2,1,0
BRF:4
BRH:0
end_of_record
TN:
SF:src/integration/services/bonus.service.ts
FN:29,(anonymous_2)
FN:37,(anonymous_3)
FNF:2
FNH:2
FNDA:3,(anonymous_2)
FNDA:3,(anonymous_3)
DA:1,1
DA:2,1
DA:13,1
DA:14,1
DA:15,1
DA:16,1
DA:21,1
DA:22,1
DA:27,1
DA:30,3
DA:31,3
DA:32,3
DA:33,3
DA:34,3
DA:40,3
DA:41,3
DA:42,3
DA:45,3
DA:51,2
DA:52,2
DA:54,2
DA:55,2
DA:56,2
DA:59,2
DA:62,2
DA:63,1
DA:64,1
DA:71,1
DA:72,1
DA:74,1
DA:80,1
DA:86,1
DA:87,1
DA:88,1
DA:89,1
DA:90,1
DA:91,1
DA:92,1
DA:93,1
DA:95,1
DA:96,1
DA:97,1
DA:99,1
DA:100,1
DA:101,1
DA:103,1
DA:104,1
DA:105,1
DA:108,1
DA:112,1
DA:114,1
DA:116,1
DA:123,1
DA:124,1
DA:125,1
LF:55
LH:55
BRDA:62,0,0,1
BRF:1
BRH:1
end_of_record
TN:
SF:src/integration/services/place-bet.service.ts
FN:39,(anonymous_2)
FN:51,(anonymous_3)
FNF:2
FNH:2
FNDA:4,(anonymous_2)
FNDA:4,(anonymous_3)
DA:1,1
DA:8,1
DA:9,1
DA:11,1
DA:16,1
DA:17,1
DA:22,1
DA:23,1
DA:28,1
DA:29,1
DA:30,1
DA:31,1
DA:33,1
DA:37,1
DA:40,4
DA:41,4
DA:42,4
DA:43,4
DA:44,4
DA:45,4
DA:46,4
DA:47,4
DA:48,4
DA:54,4
DA:57,4
DA:60,4
DA:61,4
DA:64,4
DA:70,3
DA:78,2
DA:81,2
DA:83,2
DA:85,2
DA:88,2
DA:96,2
DA:99,2
DA:100,1
DA:101,1
DA:110,1
DA:116,1
DA:121,1
DA:122,1
DA:125,1
DA:126,1
DA:127,1
DA:128,1
DA:130,1
DA:131,1
DA:133,1
DA:134,1
DA:135,1
DA:137,1
DA:138,1
DA:139,1
DA:141,1
DA:142,1
DA:143,1
DA:146,1
DA:151,1
DA:158,1
DA:165,1
DA:166,1
DA:167,1
DA:168,1
DA:169,1
DA:170,1
DA:172,1
DA:173,1
DA:176,1
DA:181,1
DA:182,1
DA:188,2
DA:189,2
DA:190,2
DA:191,1
DA:193,1
DA:196,4
LF:77
LH:77
BRDA:99,0,0,1
BRDA:190,1,0,1
BRF:2
BRH:2
end_of_record
TN:
SF:src/integration/services/player.service.ts
FN:11,(anonymous_2)
FN:16,(anonymous_3)
FNF:2
FNH:2
FNDA:2,(anonymous_2)
FNDA:2,(anonymous_3)
DA:1,1
DA:4,1
DA:5,1
DA:10,1
DA:12,2
DA:13,2
DA:19,2
DA:21,2
DA:30,2
DA:31,1
DA:38,1
DA:39,1
LF:12
LH:12
BRF:0
BRH:0
end_of_record
TN:
SF:src/integration/services/report.service.ts
FN:23,(anonymous_2)
FN:28,(anonymous_3)
FN:89,(anonymous_4)
FN:123,(anonymous_5)
FNF:4
FNH:4
FNDA:6,(anonymous_2)
FNDA:3,(anonymous_3)
FNDA:3,(anonymous_4)
FNDA:1,(anonymous_5)
DA:9,1
DA:10,1
DA:16,1
DA:17,1
DA:22,1
DA:24,6
DA:25,6
DA:26,6
DA:31,3
DA:42,3
DA:45,3
DA:48,2
DA:49,1
DA:53,1
DA:57,1
DA:70,1
DA:72,1
DA:79,2
DA:80,2
DA:81,1
DA:83,1
DA:92,3
DA:94,3
DA:97,3
DA:100,2
DA:101,1
DA:105,1
DA:109,1
DA:120,1
DA:122,1
DA:123,1
DA:133,2
DA:134,2
DA:135,1
DA:137,1
LF:35
LH:35
BRDA:48,0,0,1
BRDA:80,1,0,1
BRDA:100,2,0,1
BRDA:134,3,0,1
BRF:4
BRH:4
end_of_record
TN:
SF:src/integration/services/win.service.ts
FN:34,(anonymous_2)
FN:48,(anonymous_3)
FNF:2
FNH:2
FNDA:6,(anonymous_2)
FNDA:6,(anonymous_3)
DA:1,1
DA:8,1
DA:9,1
DA:10,1
DA:17,1
DA:18,1
DA:19,1
DA:20,1
DA:21,1
DA:22,1
DA:24,1
DA:25,1
DA:26,1
DA:28,1
DA:32,1
DA:35,6
DA:36,6
DA:37,6
DA:38,6
DA:39,6
DA:40,6
DA:41,6
DA:42,6
DA:43,6
DA:44,6
DA:49,6
DA:52,6
DA:55,6
DA:56,6
DA:59,6
DA:65,5
DA:72,4
DA:78,4
DA:82,4
DA:85,4
DA:88,4
DA:89,1
DA:90,1
DA:99,3
DA:102,3
DA:107,3
DA:116,3
DA:122,3
DA:123,3
DA:124,3
DA:129,2
DA:136,2
DA:139,2
DA:144,2
DA:145,2
DA:148,2
DA:149,2
DA:150,2
DA:151,2
DA:153,2
DA:154,2
DA:156,2
DA:157,2
DA:158,2
DA:160,2
DA:161,2
DA:162,2
DA:164,2
DA:165,2
DA:166,2
DA:169,2
DA:173,2
DA:175,2
DA:181,2
DA:188,3
DA:190,3
DA:199,2
DA:200,2
DA:201,2
DA:202,1
DA:204,1
DA:207,6
LF:77
LH:77
BRDA:88,0,0,1
BRDA:124,1,0,2
BRDA:125,2,0,3
BRDA:125,2,1,2
BRDA:193,3,0,1
BRDA:193,3,1,2
BRDA:196,4,0,1
BRDA:196,4,1,2
BRDA:201,5,0,1
BRF:9
BRH:9
end_of_record
